Построение начато 17.08.2017 12:30:54.
     1>Проект "C:\Users\Середа\Documents\Visual Studio 2012\Projects\postfix_evaluator\postfix_evaluator\postfix_evaluator.vcxproj" в узле 2 (целевые объекты Build).
     1>ClCompile:
         C:\Program Files\Microsoft Visual Studio 11.0\VC\bin\CL.exe /c /ZI /nologo /W3 /WX- /sdl /Od /Oy- /D WIN32 /D _DEBUG /D _CONSOLE /D _UNICODE /D UNICODE /Gm /EHsc /RTC1 /MDd /GS /fp:precise /Zc:wchar_t /Zc:forScope /Yu"stdafx.h" /Fp"Debug\postfix_evaluator.pch" /Fo"Debug\\" /Fd"Debug\vc110.pdb" /Gd /TP /analyze- /errorReport:prompt postfix_evaluator.cpp
         postfix_evaluator.cpp
     1>c:\users\середа\documents\visual studio 2012\projects\postfix_evaluator\postfix_evaluator\postfix_evaluator.cpp(47): warning C4018: <: несоответствие типов со знаком и без знака
     1>c:\users\середа\documents\visual studio 2012\projects\postfix_evaluator\postfix_evaluator\postfix_evaluator.cpp(63): warning C4018: <: несоответствие типов со знаком и без знака
     1>c:\users\середа\documents\visual studio 2012\projects\postfix_evaluator\postfix_evaluator\postfix_evaluator.cpp(151): warning C4244: инициализация: преобразование "double" в "int", возможна потеря данных
     1>c:\users\середа\documents\visual studio 2012\projects\postfix_evaluator\postfix_evaluator\postfix_evaluator.cpp(153): warning C4018: >: несоответствие типов со знаком и без знака
     1>c:\users\середа\documents\visual studio 2012\projects\postfix_evaluator\postfix_evaluator\postfix_evaluator.cpp(177): warning C4018: <: несоответствие типов со знаком и без знака
     1>c:\users\середа\documents\visual studio 2012\projects\postfix_evaluator\postfix_evaluator\postfix_evaluator.cpp(193): warning C4018: <: несоответствие типов со знаком и без знака
     1>c:\users\середа\documents\visual studio 2012\projects\postfix_evaluator\postfix_evaluator\postfix_evaluator.cpp(207): warning C4244: инициализация: преобразование "double" в "float", возможна потеря данных
     1>c:\users\середа\documents\visual studio 2012\projects\postfix_evaluator\postfix_evaluator\postfix_evaluator.cpp(212): warning C4244: инициализация: преобразование "double" в "int", возможна потеря данных
     1>c:\users\середа\documents\visual studio 2012\projects\postfix_evaluator\postfix_evaluator\postfix_evaluator.cpp(277): warning C4244: инициализация: преобразование "double" в "int", возможна потеря данных
     1>c:\users\середа\documents\visual studio 2012\projects\postfix_evaluator\postfix_evaluator\postfix_evaluator.cpp(278): warning C4244: инициализация: преобразование "double" в "int", возможна потеря данных
     1>c:\users\середа\documents\visual studio 2012\projects\postfix_evaluator\postfix_evaluator\postfix_evaluator.cpp(296): warning C4244: инициализация: преобразование "double" в "int", возможна потеря данных
     1>c:\users\середа\documents\visual studio 2012\projects\postfix_evaluator\postfix_evaluator\postfix_evaluator.cpp(309): warning C4244: инициализация: преобразование "double" в "int", возможна потеря данных
     1>c:\users\середа\documents\visual studio 2012\projects\postfix_evaluator\postfix_evaluator\postfix_evaluator.cpp(310): warning C4244: инициализация: преобразование "double" в "int", возможна потеря данных
     1>c:\users\середа\documents\visual studio 2012\projects\postfix_evaluator\postfix_evaluator\postfix_evaluator.cpp(374): warning C4018: <: несоответствие типов со знаком и без знака
     1>c:\users\середа\documents\visual studio 2012\projects\postfix_evaluator\postfix_evaluator\postfix_evaluator.cpp(384): warning C4018: <: несоответствие типов со знаком и без знака
     1>c:\users\середа\documents\visual studio 2012\projects\postfix_evaluator\postfix_evaluator\postfix_evaluator.cpp(392): warning C4018: <: несоответствие типов со знаком и без знака
     1>c:\users\середа\documents\visual studio 2012\projects\postfix_evaluator\postfix_evaluator\postfix_evaluator.cpp(104): warning C4715: peek: значение возвращается не при всех путях выполнения
       Link:
         C:\Program Files\Microsoft Visual Studio 11.0\VC\bin\link.exe /ERRORREPORT:PROMPT /OUT:"C:\Users\Середа\Documents\Visual Studio 2012\Projects\postfix_evaluator\Debug\postfix_evaluator.exe" /INCREMENTAL /NOLOGO kernel32.lib user32.lib gdi32.lib winspool.lib comdlg32.lib advapi32.lib shell32.lib ole32.lib oleaut32.lib uuid.lib odbc32.lib odbccp32.lib /MANIFEST /MANIFESTUAC:"level='asInvoker' uiAccess='false'" /manifest:embed /DEBUG /PDB:"C:\Users\Середа\Documents\Visual Studio 2012\Projects\postfix_evaluator\Debug\postfix_evaluator.pdb" /SUBSYSTEM:CONSOLE /TLBID:1 /DYNAMICBASE /NXCOMPAT /IMPLIB:"C:\Users\Середа\Documents\Visual Studio 2012\Projects\postfix_evaluator\Debug\postfix_evaluator.lib" /MACHINE:X86 Debug\postfix_evaluator.obj
         Debug\stdafx.obj
         postfix_evaluator.vcxproj -> C:\Users\Середа\Documents\Visual Studio 2012\Projects\postfix_evaluator\Debug\postfix_evaluator.exe
     1>Построение проекта "C:\Users\Середа\Documents\Visual Studio 2012\Projects\postfix_evaluator\postfix_evaluator\postfix_evaluator.vcxproj" завершено (целевые объекты Build).

Построение успешно завершено.

Затраченное время: 00:00:01.52
